Authorized using stored user info.
Exporting assets from Unity..............................................

[ Stage1 ] Assets exported from Unity and staged for further processing
Using /Users/phamthanhtrung/Desktop/Projects/Test-Playable-Ads-INDIEZ-Pham-Thanh-Trung/Assets/TextMesh Pro/Fonts/LiberationSans.ttf file to generate an atlas for LiberationSans[25896] font
  Using alphabet  ??1234567890-=qwertyuiop[]asdfghjkl;'\`zxcvbnm,./??!@#$%^&*()_+QWERTYUIOP{}ASDFGHJKL:"|~ZXCVBNM<>?
[ error ] $Failed to locate TTF file for the font named LegacyRuntime ??? falling back to Arial substitute.
Using /System/Library/Fonts/Supplemental/Arial.ttf file to generate an atlas for LegacyRuntime[516] font
  Using alphabet  ??1234567890-=qwertyuiop[]asdfghjkl;'\`zxcvbnm,./??!@#$%^&*()_+QWERTYUIOP{}ASDFGHJKL:"|~ZXCVBNM<>?
Combined 97 glyphs into bitmap texture at /Users/phamthanhtrung/Desktop/Projects/Test-Playable-Ads-INDIEZ-Pham-Thanh-Trung/LunaTemp/stage1/tmp/fonts/LegacyRuntime-516/output_0.png (58kb)
Combined 97 glyphs into bitmap texture at /Users/phamthanhtrung/Desktop/Projects/Test-Playable-Ads-INDIEZ-Pham-Thanh-Trung/LunaTemp/stage1/tmp/fonts/LiberationSans-25896/output_0.png (56kb)
Found custom rules for texture Assets/TextMesh Pro/Resources/Fonts & Materials/LiberationSans SDF.asset
  {"maxWidth":512,"maxHeight":512,"format":"png32","compression":"none","quality":65,"script":"","ext":"","name":"Assets/TextMesh Pro/Resources/Fonts & Materials/LiberationSans SDF.asset","isOverride":true}
Resources:
{}
[ Stage2 ] Assets postprocessed and bundled successfully
Authorized using stored user info.
Microsoft (R) Build Engine version 16.10.1 for Mono
Copyright (C) Microsoft Corporation. All rights reserved.


Build started 06/05/2025 5:02:13 CH.

Project "/Users/phamthanhtrung/Downloads/6/pipeline/templates/LunaCompiler/Scripts/Scripts.csproj" on node 1 (Rebuild target(s)).

CoreClean:

  Deleting file "/Users/phamthanhtrung/Downloads/6/pipeline/templates/LunaCompiler/Scripts/bin/Debug/UnityScriptsCompiler.dll".

  Deleting file "/Users/phamthanhtrung/Downloads/6/pipeline/templates/LunaCompiler/Scripts/bin/Debug/UnityScriptsCompiler.pdb".

  Deleting file "/Users/phamthanhtrung/Downloads/6/pipeline/templates/LunaCompiler/Scripts/bin/Debug/Bridge.dll".

  Deleting file "/Users/phamthanhtrung/Downloads/6/pipeline/templates/LunaCompiler/Scripts/bin/Debug/Bridge.Html5.dll".

  Deleting file "/Users/phamthanhtrung/Downloads/6/pipeline/templates/LunaCompiler/Scripts/bin/Debug/Bridge.WebGL.dll".

  Deleting file "/Users/phamthanhtrung/Downloads/6/pipeline/templates/LunaCompiler/Scripts/bin/Debug/DOTween.dll".

  Deleting file "/Users/phamthanhtrung/Downloads/6/pipeline/templates/LunaCompiler/Scripts/bin/Debug/Newtonsoft.Json.dll".

  Deleting file "/Users/phamthanhtrung/Downloads/6/pipeline/templates/LunaCompiler/Scripts/bin/Debug/Retyped.Core.dll".

  Deleting file "/Users/phamthanhtrung/Downloads/6/pipeline/templates/LunaCompiler/Scripts/bin/Debug/Retyped.dom.dll".

  Deleting file "/Users/phamthanhtrung/Downloads/6/pipeline/templates/LunaCompiler/Scripts/bin/Debug/Retyped.es5.dll".

  Deleting file "/Users/phamthanhtrung/Downloads/6/pipeline/templates/LunaCompiler/Scripts/bin/Debug/Retyped.scripthost.dll".

  Deleting file "/Users/phamthanhtrung/Downloads/6/pipeline/templates/LunaCompiler/Scripts/bin/Debug/UnityEngine.dll".

  Deleting file "/Users/phamthanhtrung/Downloads/6/pipeline/templates/LunaCompiler/Scripts/bin/Debug/UnityEngine.UI.dll".

  Deleting file "/Users/phamthanhtrung/Downloads/6/pipeline/templates/LunaCompiler/Scripts/bin/Debug/UnityEngine.UniversalRenderPipeline.dll".

  Deleting file "/Users/phamthanhtrung/Downloads/6/pipeline/templates/LunaCompiler/Scripts/bin/Debug/Bridge.xml".

  Deleting file "/Users/phamthanhtrung/Downloads/6/pipeline/templates/LunaCompiler/Scripts/bin/Debug/Bridge.Html5.xml".

  Deleting file "/Users/phamthanhtrung/Downloads/6/pipeline/templates/LunaCompiler/Scripts/bin/Debug/Bridge.WebGL.xml".

  Deleting file "/Users/phamthanhtrung/Downloads/6/pipeline/templates/LunaCompiler/Scripts/bin/Debug/Newtonsoft.Json.xml".

  Deleting file "/Users/phamthanhtrung/Downloads/6/pipeline/templates/LunaCompiler/Scripts/bin/Debug/Retyped.Core.xml".

  Deleting file "/Users/phamthanhtrung/Downloads/6/pipeline/templates/LunaCompiler/Scripts/bin/Debug/Retyped.dom.xml".

  Deleting file "/Users/phamthanhtrung/Downloads/6/pipeline/templates/LunaCompiler/Scripts/bin/Debug/Retyped.es5.xml".

  Deleting file "/Users/phamthanhtrung/Downloads/6/pipeline/templates/LunaCompiler/Scripts/bin/Debug/Retyped.scripthost.xml".

  Deleting file "/Users/phamthanhtrung/Downloads/6/pipeline/templates/LunaCompiler/Scripts/bin/Debug/Cinemachine.dll".

  Deleting file "/Users/phamthanhtrung/Downloads/6/pipeline/templates/LunaCompiler/Scripts/bin/Debug/TextMeshPro.dll".

  Deleting file "/Users/phamthanhtrung/Downloads/6/pipeline/templates/LunaCompiler/Scripts/obj/Debug/Scripts.csproj.AssemblyReference.cache".

  Deleting file "/Users/phamthanhtrung/Downloads/6/pipeline/templates/LunaCompiler/Scripts/obj/Debug/Scripts.csproj.CoreCompileInputs.cache".

  Deleting file "/Users/phamthanhtrung/Downloads/6/pipeline/templates/LunaCompiler/Scripts/obj/Debug/Scripts.csproj.CopyComplete".

  Deleting file "/Users/phamthanhtrung/Downloads/6/pipeline/templates/LunaCompiler/Scripts/obj/Debug/UnityScriptsCompiler.dll".

  Deleting file "/Users/phamthanhtrung/Downloads/6/pipeline/templates/LunaCompiler/Scripts/obj/Debug/UnityScriptsCompiler.pdb".

GenerateTargetFrameworkMonikerAttribute:
Skipping target "GenerateTargetFrameworkMonikerAttribute" because all output files are up-to-date with respect to the input files.

CoreCompile:

  /Library/Frameworks/Mono.framework/Versions/6.12.0/lib/mono/msbuild/Current/bin/Roslyn/csc.exe /noconfig /nowarn:CS0626,1701,1702 /fullpaths /nostdlib+ /errorreport:prompt /warn:4 /define:UNITY_LUNA;CSHARP_7_OR_LATER;CSHARP_7_3_OR_NEWER;UNITY_5_3_OR_NEWER;UNITY_5_4_OR_NEWER;UNITY_5_5_OR_NEWER;UNITY_2022;UNITY_2017_1_OR_NEWER;UNITY_2017_2_OR_NEWER;UNITY_2017_3_OR_NEWER;UNITY_2017_4_OR_NEWER;UNITY_2018_1_OR_NEWER;UNITY_2018_2_OR_NEWER;UNITY_2018_3_OR_NEWER;UNITY_2018_4_OR_NEWER;UNITY_2019_1_OR_NEWER;UNITY_2019_2_OR_NEWER;UNITY_2019_3_OR_NEWER;UNITY_2019_4_OR_NEWER;UNITY_2020_1_OR_NEWER;UNITY_2020_2_OR_NEWER;UNITY_2020_3_OR_NEWER;UNITY_2021_1_OR_NEWER;UNITY_2021_2_OR_NEWER;UNITY_2021_3_OR_NEWER;UNITY_2022_1_OR_NEWER;UNITY_2022_2_OR_NEWER;UNITY_2022_3_OR_NEWER;UNITY_2022_3;UNITY_2022_3_61 /highentropyva+ /reference:/Users/phamthanhtrung/Downloads/6/pipeline/templates/LunaCompiler/packages/Bridge.Core.17.9.42-luna/lib/net40/Bridge.dll /reference:/Users/phamthanhtrung/Downloads/6/pipeline/templates/LunaCompiler/packages/Bridge.Html5.17.9.0/lib/net40/Bridge.Html5.dll /reference:/Users/phamthanhtrung/Downloads/6/pipeline/templates/LunaCompiler/packages/Bridge.WebGL.1.22.0/lib/net40/Bridge.WebGL.dll /reference:/Users/phamthanhtrung/Downloads/6/pipeline/templates/LunaCompiler/packages/com.unity.cinemachine/2.4.0/Cinemachine.dll /reference:/Users/phamthanhtrung/Downloads/6/pipeline/templates/LunaCompiler/packages/DOTween.1.2.705/lib/net40/DOTween.dll /reference:/Users/phamthanhtrung/Downloads/6/pipeline/templates/LunaCompiler/packages/Bridge.Newtonsoft.Json.1.16.0/lib/net40/Newtonsoft.Json.dll /reference:/Users/phamthanhtrung/Downloads/6/pipeline/templates/LunaCompiler/packages/Retyped.Core.1.6.6733/lib/net40/Retyped.Core.dll /reference:/Users/phamthanhtrung/Downloads/6/pipeline/templates/LunaCompiler/packages/Retyped.dom.2.8.6733/lib/net40/Retyped.dom.dll /reference:/Users/phamthanhtrung/Downloads/6/pipeline/templates/LunaCompiler/packages/Retyped.es5.2.8.6733/lib/net40/Retyped.es5.dll /reference:/Users/phamthanhtrung/Downloads/6/pipeline/templates/LunaCompiler/packages/Retyped.scripthost.2.8.6733/lib/net40/Retyped.scripthost.dll /reference:/Users/phamthanhtrung/Downloads/6/pipeline/templates/LunaCompiler/packages/com.unity.textmeshpro/3.0.6/TextMeshPro.dll /reference:/Users/phamthanhtrung/Downloads/6/pipeline/templates/LunaCompiler/Scripts/Vendor/UnityEngine.dll /reference:/Users/phamthanhtrung/Downloads/6/pipeline/templates/LunaCompiler/packages/com.unity.ui/1.2.1/UnityEngine.UI.dll /reference:/Users/phamthanhtrung/Downloads/6/pipeline/templates/LunaCompiler/packages/com.unity.urp/7.6/UnityEngine.UniversalRenderPipeline.dll /debug+ /debug:full /optimize- /out:obj/Debug/UnityScriptsCompiler.dll /subsystemversion:6.00 /target:library /warnaserror- /utf8output /langversion:8 /Users/phamthanhtrung/Desktop/Projects/Test-Playable-Ads-INDIEZ-Pham-Thanh-Trung/LunaTemp/stage3/processed-scripts/Assets/Plugins/Demigiant/DOTween/Modules/DOTweenModuleAudio.cs /Users/phamthanhtrung/Desktop/Projects/Test-Playable-Ads-INDIEZ-Pham-Thanh-Trung/LunaTemp/stage3/processed-scripts/Assets/Plugins/Demigiant/DOTween/Modules/DOTweenModuleEPOOutline.cs /Users/phamthanhtrung/Desktop/Projects/Test-Playable-Ads-INDIEZ-Pham-Thanh-Trung/LunaTemp/stage3/processed-scripts/Assets/Plugins/Demigiant/DOTween/Modules/DOTweenModulePhysics.cs /Users/phamthanhtrung/Desktop/Projects/Test-Playable-Ads-INDIEZ-Pham-Thanh-Trung/LunaTemp/stage3/processed-scripts/Assets/Plugins/Demigiant/DOTween/Modules/DOTweenModulePhysics2D.cs /Users/phamthanhtrung/Desktop/Projects/Test-Playable-Ads-INDIEZ-Pham-Thanh-Trung/LunaTemp/stage3/processed-scripts/Assets/Plugins/Demigiant/DOTween/Modules/DOTweenModuleSprite.cs /Users/phamthanhtrung/Desktop/Projects/Test-Playable-Ads-INDIEZ-Pham-Thanh-Trung/LunaTemp/stage3/processed-scripts/Assets/Plugins/Demigiant/DOTween/Modules/DOTweenModuleUI.cs /Users/phamthanhtrung/Desktop/Projects/Test-Playable-Ads-INDIEZ-Pham-Thanh-Trung/LunaTemp/stage3/processed-scripts/Assets/Plugins/Demigiant/DOTween/Modules/DOTweenModuleUnityVersion.cs /Users/phamthanhtrung/Desktop/Projects/Test-Playable-Ads-INDIEZ-Pham-Thanh-Trung/LunaTemp/stage3/processed-scripts/Assets/Plugins/Demigiant/DOTween/Modules/DOTweenModuleUtils.cs /Users/phamthanhtrung/Desktop/Projects/Test-Playable-Ads-INDIEZ-Pham-Thanh-Trung/LunaTemp/stage3/processed-scripts/Assets/Scripts/AICarController.cs /Users/phamthanhtrung/Desktop/Projects/Test-Playable-Ads-INDIEZ-Pham-Thanh-Trung/LunaTemp/stage3/processed-scripts/Assets/Scripts/CameraSequence.cs /Users/phamthanhtrung/Desktop/Projects/Test-Playable-Ads-INDIEZ-Pham-Thanh-Trung/LunaTemp/stage3/processed-scripts/Assets/Scripts/CheckpointManager.cs /Users/phamthanhtrung/Desktop/Projects/Test-Playable-Ads-INDIEZ-Pham-Thanh-Trung/LunaTemp/stage3/processed-scripts/Assets/Scripts/GameManager.cs /Users/phamthanhtrung/Desktop/Projects/Test-Playable-Ads-INDIEZ-Pham-Thanh-Trung/LunaTemp/stage3/processed-scripts/Assets/Scripts/PlayerCarController.cs /Users/phamthanhtrung/Desktop/Projects/Test-Playable-Ads-INDIEZ-Pham-Thanh-Trung/LunaTemp/stage3/processed-scripts/Assets/Scripts/SmoothFollowCamera.cs /Users/phamthanhtrung/Desktop/Projects/Test-Playable-Ads-INDIEZ-Pham-Thanh-Trung/LunaTemp/stage3/processed-scripts/Assets/Scripts/SoundManager.cs /Users/phamthanhtrung/Desktop/Projects/Test-Playable-Ads-INDIEZ-Pham-Thanh-Trung/LunaTemp/stage3/processed-scripts/Assets/Scripts/UIManager.cs Properties/AssemblyInfo.cs Sources/OtherDummyScript.cs "obj/Debug/.NETFramework,Version=v4.7.AssemblyAttributes.cs"

  Using shared compilation with compiler from directory: /Library/Frameworks/Mono.framework/Versions/6.12.0/lib/mono/msbuild/Current/bin/Roslyn

/Users/phamthanhtrung/Desktop/Projects/Test-Playable-Ads-INDIEZ-Pham-Thanh-Trung/LunaTemp/stage3/processed-scripts/Assets/Scripts/PlayerCarController.cs(24,18): warning CS0414: The field 'PlayerCarController.isDragging' is assigned but its value is never used [/Users/phamthanhtrung/Downloads/6/pipeline/templates/LunaCompiler/Scripts/Scripts.csproj]

/Users/phamthanhtrung/Desktop/Projects/Test-Playable-Ads-INDIEZ-Pham-Thanh-Trung/LunaTemp/stage3/processed-scripts/Assets/Scripts/GameManager.cs(26,27): warning CS0414: The field 'GameManager.playerCarType' is assigned but its value is never used [/Users/phamthanhtrung/Downloads/6/pipeline/templates/LunaCompiler/Scripts/Scripts.csproj]

_CopyFilesMarkedCopyLocal:
  Copying file from "/Users/phamthanhtrung/Downloads/6/pipeline/templates/LunaCompiler/packages/Bridge.Html5.17.9.0/lib/net40/Bridge.Html5.dll" to "/Users/phamthanhtrung/Downloads/6/pipeline/templates/LunaCompiler/Scripts/bin/Debug/Bridge.Html5.dll".

  Copying file from "/Users/phamthanhtrung/Downloads/6/pipeline/templates/LunaCompiler/packages/com.unity.cinemachine/2.4.0/Cinemachine.dll" to "/Users/phamthanhtrung/Downloads/6/pipeline/templates/LunaCompiler/Scripts/bin/Debug/Cinemachine.dll".

  Copying file from "/Users/phamthanhtrung/Downloads/6/pipeline/templates/LunaCompiler/packages/Bridge.Core.17.9.42-luna/lib/net40/Bridge.dll" to "/Users/phamthanhtrung/Downloads/6/pipeline/templates/LunaCompiler/Scripts/bin/Debug/Bridge.dll".

  Copying file from "/Users/phamthanhtrung/Downloads/6/pipeline/templates/LunaCompiler/packages/Bridge.WebGL.1.22.0/lib/net40/Bridge.WebGL.dll" to "/Users/phamthanhtrung/Downloads/6/pipeline/templates/LunaCompiler/Scripts/bin/Debug/Bridge.WebGL.dll".

  Copying file from "/Users/phamthanhtrung/Downloads/6/pipeline/templates/LunaCompiler/packages/DOTween.1.2.705/lib/net40/DOTween.dll" to "/Users/phamthanhtrung/Downloads/6/pipeline/templates/LunaCompiler/Scripts/bin/Debug/DOTween.dll".

  Copying file from "/Users/phamthanhtrung/Downloads/6/pipeline/templates/LunaCompiler/packages/Bridge.Newtonsoft.Json.1.16.0/lib/net40/Newtonsoft.Json.dll" to "/Users/phamthanhtrung/Downloads/6/pipeline/templates/LunaCompiler/Scripts/bin/Debug/Newtonsoft.Json.dll".

  Copying file from "/Users/phamthanhtrung/Downloads/6/pipeline/templates/LunaCompiler/packages/Retyped.scripthost.2.8.6733/lib/net40/Retyped.scripthost.dll" to "/Users/phamthanhtrung/Downloads/6/pipeline/templates/LunaCompiler/Scripts/bin/Debug/Retyped.scripthost.dll".

  Copying file from "/Users/phamthanhtrung/Downloads/6/pipeline/templates/LunaCompiler/packages/Retyped.es5.2.8.6733/lib/net40/Retyped.es5.dll" to "/Users/phamthanhtrung/Downloads/6/pipeline/templates/LunaCompiler/Scripts/bin/Debug/Retyped.es5.dll".
  Copying file from "/Users/phamthanhtrung/Downloads/6/pipeline/templates/LunaCompiler/packages/Retyped.Core.1.6.6733/lib/net40/Retyped.Core.dll" to "/Users/phamthanhtrung/Downloads/6/pipeline/templates/LunaCompiler/Scripts/bin/Debug/Retyped.Core.dll".

  Copying file from "/Users/phamthanhtrung/Downloads/6/pipeline/templates/LunaCompiler/packages/com.unity.textmeshpro/3.0.6/TextMeshPro.dll" to "/Users/phamthanhtrung/Downloads/6/pipeline/templates/LunaCompiler/Scripts/bin/Debug/TextMeshPro.dll".

  Copying file from "/Users/phamthanhtrung/Downloads/6/pipeline/templates/LunaCompiler/packages/Retyped.dom.2.8.6733/lib/net40/Retyped.dom.dll" to "/Users/phamthanhtrung/Downloads/6/pipeline/templates/LunaCompiler/Scripts/bin/Debug/Retyped.dom.dll".

  Copying file from "/Users/phamthanhtrung/Downloads/6/pipeline/templates/LunaCompiler/Scripts/Vendor/UnityEngine.dll" to "/Users/phamthanhtrung/Downloads/6/pipeline/templates/LunaCompiler/Scripts/bin/Debug/UnityEngine.dll".

  Copying file from "/Users/phamthanhtrung/Downloads/6/pipeline/templates/LunaCompiler/packages/com.unity.ui/1.2.1/UnityEngine.UI.dll" to "/Users/phamthanhtrung/Downloads/6/pipeline/templates/LunaCompiler/Scripts/bin/Debug/UnityEngine.UI.dll".

  Copying file from "/Users/phamthanhtrung/Downloads/6/pipeline/templates/LunaCompiler/packages/com.unity.urp/7.6/UnityEngine.UniversalRenderPipeline.dll" to "/Users/phamthanhtrung/Downloads/6/pipeline/templates/LunaCompiler/Scripts/bin/Debug/UnityEngine.UniversalRenderPipeline.dll".

  Copying file from "/Users/phamthanhtrung/Downloads/6/pipeline/templates/LunaCompiler/packages/Bridge.Core.17.9.42-luna/lib/net40/Bridge.xml" to "/Users/phamthanhtrung/Downloads/6/pipeline/templates/LunaCompiler/Scripts/bin/Debug/Bridge.xml".

  Copying file from "/Users/phamthanhtrung/Downloads/6/pipeline/templates/LunaCompiler/packages/Bridge.Html5.17.9.0/lib/net40/Bridge.Html5.xml" to "/Users/phamthanhtrung/Downloads/6/pipeline/templates/LunaCompiler/Scripts/bin/Debug/Bridge.Html5.xml".

  Copying file from "/Users/phamthanhtrung/Downloads/6/pipeline/templates/LunaCompiler/packages/Bridge.WebGL.1.22.0/lib/net40/Bridge.WebGL.xml" to "/Users/phamthanhtrung/Downloads/6/pipeline/templates/LunaCompiler/Scripts/bin/Debug/Bridge.WebGL.xml".

  Copying file from "/Users/phamthanhtrung/Downloads/6/pipeline/templates/LunaCompiler/packages/Bridge.Newtonsoft.Json.1.16.0/lib/net40/Newtonsoft.Json.xml" to "/Users/phamthanhtrung/Downloads/6/pipeline/templates/LunaCompiler/Scripts/bin/Debug/Newtonsoft.Json.xml".

  Copying file from "/Users/phamthanhtrung/Downloads/6/pipeline/templates/LunaCompiler/packages/Retyped.Core.1.6.6733/lib/net40/Retyped.Core.xml" to "/Users/phamthanhtrung/Downloads/6/pipeline/templates/LunaCompiler/Scripts/bin/Debug/Retyped.Core.xml".

  Copying file from "/Users/phamthanhtrung/Downloads/6/pipeline/templates/LunaCompiler/packages/Retyped.dom.2.8.6733/lib/net40/Retyped.dom.xml" to "/Users/phamthanhtrung/Downloads/6/pipeline/templates/LunaCompiler/Scripts/bin/Debug/Retyped.dom.xml".

  Copying file from "/Users/phamthanhtrung/Downloads/6/pipeline/templates/LunaCompiler/packages/Retyped.es5.2.8.6733/lib/net40/Retyped.es5.xml" to "/Users/phamthanhtrung/Downloads/6/pipeline/templates/LunaCompiler/Scripts/bin/Debug/Retyped.es5.xml".

  Copying file from "/Users/phamthanhtrung/Downloads/6/pipeline/templates/LunaCompiler/packages/Retyped.scripthost.2.8.6733/lib/net40/Retyped.scripthost.xml" to "/Users/phamthanhtrung/Downloads/6/pipeline/templates/LunaCompiler/Scripts/bin/Debug/Retyped.scripthost.xml".

  Creating "/Users/phamthanhtrung/Downloads/6/pipeline/templates/LunaCompiler/Scripts/obj/Debug/Scripts.csproj.CopyComplete" because "AlwaysCreate" was specified.

CopyFilesToOutputDirectory:
  Copying file from "/Users/phamthanhtrung/Downloads/6/pipeline/templates/LunaCompiler/Scripts/obj/Debug/UnityScriptsCompiler.dll" to "/Users/phamthanhtrung/Downloads/6/pipeline/templates/LunaCompiler/Scripts/bin/Debug/UnityScriptsCompiler.dll".

  Scripts -> /Users/phamthanhtrung/Downloads/6/pipeline/templates/LunaCompiler/Scripts/bin/Debug/UnityScriptsCompiler.dll

  Copying file from "/Users/phamthanhtrung/Downloads/6/pipeline/templates/LunaCompiler/Scripts/obj/Debug/UnityScriptsCompiler.pdb" to "/Users/phamthanhtrung/Downloads/6/pipeline/templates/LunaCompiler/Scripts/bin/Debug/UnityScriptsCompiler.pdb".

BridgeNetCompilerTask:

  Bridge started

      To enable detailed logging, configure "logging" in bridge.json.

      https://github.com/bridgedotnet/Bridge/wiki/global-configuration#logging

  Bridge done

Done Building Project "/Users/phamthanhtrung/Downloads/6/pipeline/templates/LunaCompiler/Scripts/Scripts.csproj" (Rebuild target(s)).



Build succeeded.



"/Users/phamthanhtrung/Downloads/6/pipeline/templates/LunaCompiler/Scripts/Scripts.csproj" (Rebuild target) (1) ->

(CoreCompile target) -> 

  /Users/phamthanhtrung/Desktop/Projects/Test-Playable-Ads-INDIEZ-Pham-Thanh-Trung/LunaTemp/stage3/processed-scripts/Assets/Scripts/PlayerCarController.cs(24,18): warning CS0414: The field 'PlayerCarController.isDragging' is assigned but its value is never used [/Users/phamthanhtrung/Downloads/6/pipeline/templates/LunaCompiler/Scripts/Scripts.csproj]

  /Users/phamthanhtrung/Desktop/Projects/Test-Playable-Ads-INDIEZ-Pham-Thanh-Trung/LunaTemp/stage3/processed-scripts/Assets/Scripts/GameManager.cs(26,27): warning CS0414: The field 'GameManager.playerCarType' is assigned but its value is never used [/Users/phamthanhtrung/Downloads/6/pipeline/templates/LunaCompiler/Scripts/Scripts.csproj]



    2 Warning(s)

    0 Error(s)



Time Elapsed 00:00:16.27

Source code compiled successfully!
PHC: LP error code not found in JSON: 3015, JSON file might be outdated. Error message: Sequence contains no matching element

Diagnostics gathered successfully
[ Stage3 ] Code compiled and bundled successfully.
[ Stage4 ] Target platform: playground
[ Stage4 ] Package bundled successfully
[ Stage4 ] Package uploaded successfully
